{"/home/faith/Desktop/my-app/index.js": {"path":"/home/faith/Desktop/my-app/index.js","statementMap":{"0":{"start":{"line":1,"column":16},"end":{"line":1,"column":34}},"1":{"start":{"line":2,"column":12},"end":{"line":2,"column":21}},"2":{"start":{"line":3,"column":17},"end":{"line":3,"column":36}},"3":{"start":{"line":4,"column":15},"end":{"line":4,"column":32}},"4":{"start":{"line":8,"column":18},"end":{"line":8,"column":42}},"5":{"start":{"line":9,"column":18},"end":{"line":9,"column":43}},"6":{"start":{"line":10,"column":21},"end":{"line":10,"column":49}},"7":{"start":{"line":12,"column":0},"end":{"line":12,"column":16}},"8":{"start":{"line":17,"column":0},"end":{"line":17,"column":128}},"9":{"start":{"line":17,"column":96},"end":{"line":17,"column":126}},"10":{"start":{"line":20,"column":0},"end":{"line":20,"column":24}},"11":{"start":{"line":21,"column":0},"end":{"line":21,"column":49}},"12":{"start":{"line":25,"column":0},"end":{"line":25,"column":32}},"13":{"start":{"line":26,"column":0},"end":{"line":26,"column":33}},"14":{"start":{"line":27,"column":0},"end":{"line":27,"column":39}},"15":{"start":{"line":31,"column":13},"end":{"line":31,"column":36}},"16":{"start":{"line":32,"column":0},"end":{"line":32,"column":61}},"17":{"start":{"line":32,"column":23},"end":{"line":32,"column":59}},"18":{"start":{"line":33,"column":0},"end":{"line":33,"column":21}}},"fnMap":{"0":{"name":"(anonymous_0)","decl":{"start":{"line":17,"column":91},"end":{"line":17,"column":92}},"loc":{"start":{"line":17,"column":96},"end":{"line":17,"column":126}},"line":17},"1":{"name":"(anonymous_1)","decl":{"start":{"line":32,"column":17},"end":{"line":32,"column":18}},"loc":{"start":{"line":32,"column":23},"end":{"line":32,"column":59}},"line":32}},"branchMap":{"0":{"loc":{"start":{"line":31,"column":13},"end":{"line":31,"column":36}},"type":"binary-expr","locations":[{"start":{"line":31,"column":13},"end":{"line":31,"column":29}},{"start":{"line":31,"column":32},"end":{"line":31,"column":36}}],"line":31}},"s":{"0":1,"1":1,"2":1,"3":1,"4":1,"5":1,"6":1,"7":1,"8":1,"9":1,"10":1,"11":1,"12":1,"13":1,"14":1,"15":1,"16":1,"17":1,"18":1},"f":{"0":1,"1":1},"b":{"0":[1,1]},"_coverageSchema":"1a1c01bbd47fc00a2c39e90264f33305004495a9","hash":"bb6b7a4860fd41cf2224b2a047e9f1a50ac7041a"}
,"/home/faith/Desktop/my-app/validation.js": {"path":"/home/faith/Desktop/my-app/validation.js","statementMap":{"0":{"start":{"line":2,"column":12},"end":{"line":2,"column":32}},"1":{"start":{"line":5,"column":27},"end":{"line":19,"column":1}},"2":{"start":{"line":6,"column":19},"end":{"line":17,"column":6}},"3":{"start":{"line":18,"column":4},"end":{"line":18,"column":33}},"4":{"start":{"line":22,"column":24},"end":{"line":33,"column":1}},"5":{"start":{"line":23,"column":19},"end":{"line":31,"column":6}},"6":{"start":{"line":32,"column":4},"end":{"line":32,"column":33}},"7":{"start":{"line":36,"column":23},"end":{"line":50,"column":1}},"8":{"start":{"line":37,"column":19},"end":{"line":48,"column":6}},"9":{"start":{"line":49,"column":4},"end":{"line":49,"column":33}},"10":{"start":{"line":54,"column":26},"end":{"line":68,"column":1}},"11":{"start":{"line":55,"column":19},"end":{"line":66,"column":6}},"12":{"start":{"line":67,"column":4},"end":{"line":67,"column":33}},"13":{"start":{"line":76,"column":0},"end":{"line":76,"column":55}},"14":{"start":{"line":77,"column":0},"end":{"line":77,"column":49}},"15":{"start":{"line":78,"column":0},"end":{"line":78,"column":48}},"16":{"start":{"line":79,"column":0},"end":{"line":79,"column":53}}},"fnMap":{"0":{"name":"(anonymous_0)","decl":{"start":{"line":5,"column":27},"end":{"line":5,"column":28}},"loc":{"start":{"line":5,"column":35},"end":{"line":19,"column":1}},"line":5},"1":{"name":"(anonymous_1)","decl":{"start":{"line":22,"column":24},"end":{"line":22,"column":25}},"loc":{"start":{"line":22,"column":32},"end":{"line":33,"column":1}},"line":22},"2":{"name":"(anonymous_2)","decl":{"start":{"line":36,"column":23},"end":{"line":36,"column":24}},"loc":{"start":{"line":36,"column":31},"end":{"line":50,"column":1}},"line":36},"3":{"name":"(anonymous_3)","decl":{"start":{"line":54,"column":26},"end":{"line":54,"column":27}},"loc":{"start":{"line":54,"column":34},"end":{"line":68,"column":1}},"line":54}},"branchMap":{},"s":{"0":1,"1":1,"2":1,"3":1,"4":1,"5":0,"6":0,"7":1,"8":0,"9":0,"10":1,"11":0,"12":0,"13":1,"14":1,"15":1,"16":1},"f":{"0":1,"1":0,"2":0,"3":0},"b":{},"_coverageSchema":"1a1c01bbd47fc00a2c39e90264f33305004495a9","hash":"67814e504727fbd13e789ffbd3702dc3683cc60a"}
,"/home/faith/Desktop/my-app/middlewares/verifyToken.js": {"path":"/home/faith/Desktop/my-app/middlewares/verifyToken.js","statementMap":{"0":{"start":{"line":1,"column":12},"end":{"line":1,"column":35}},"1":{"start":{"line":4,"column":18},"end":{"line":4,"column":42}},"2":{"start":{"line":5,"column":4},"end":{"line":5,"column":60}},"3":{"start":{"line":5,"column":15},"end":{"line":5,"column":60}},"4":{"start":{"line":7,"column":4},"end":{"line":14,"column":5}},"5":{"start":{"line":8,"column":25},"end":{"line":8,"column":67}},"6":{"start":{"line":9,"column":8},"end":{"line":9,"column":28}},"7":{"start":{"line":10,"column":8},"end":{"line":10,"column":14}},"8":{"start":{"line":12,"column":8},"end":{"line":12,"column":46}},"9":{"start":{"line":18,"column":0},"end":{"line":18,"column":22}}},"fnMap":{"0":{"name":"auth","decl":{"start":{"line":3,"column":9},"end":{"line":3,"column":13}},"loc":{"start":{"line":3,"column":28},"end":{"line":15,"column":1}},"line":3}},"branchMap":{"0":{"loc":{"start":{"line":5,"column":4},"end":{"line":5,"column":60}},"type":"if","locations":[{"start":{"line":5,"column":4},"end":{"line":5,"column":60}},{"start":{"line":5,"column":4},"end":{"line":5,"column":60}}],"line":5}},"s":{"0":1,"1":0,"2":0,"3":0,"4":0,"5":0,"6":0,"7":0,"8":0,"9":1},"f":{"0":0},"b":{"0":[0,0]},"_coverageSchema":"1a1c01bbd47fc00a2c39e90264f33305004495a9","hash":"0e00d0e30686702091f0a8b418253eff67517600"}
,"/home/faith/Desktop/my-app/models/message.js": {"path":"/home/faith/Desktop/my-app/models/message.js","statementMap":{"0":{"start":{"line":1,"column":17},"end":{"line":1,"column":36}},"1":{"start":{"line":3,"column":22},"end":{"line":27,"column":2}},"2":{"start":{"line":29,"column":0},"end":{"line":29,"column":57}}},"fnMap":{},"branchMap":{},"s":{"0":1,"1":1,"2":1},"f":{},"b":{},"_coverageSchema":"1a1c01bbd47fc00a2c39e90264f33305004495a9","hash":"578244d08dae746e5f733473e4a366a913a1dac6"}
,"/home/faith/Desktop/my-app/models/post.js": {"path":"/home/faith/Desktop/my-app/models/post.js","statementMap":{"0":{"start":{"line":1,"column":17},"end":{"line":1,"column":36}},"1":{"start":{"line":3,"column":19},"end":{"line":27,"column":2}},"2":{"start":{"line":29,"column":0},"end":{"line":29,"column":51}}},"fnMap":{},"branchMap":{},"s":{"0":1,"1":1,"2":1},"f":{},"b":{},"_coverageSchema":"1a1c01bbd47fc00a2c39e90264f33305004495a9","hash":"484e23212873e0ce77278adfa99aed0ec5c9ae8e"}
,"/home/faith/Desktop/my-app/models/user.js": {"path":"/home/faith/Desktop/my-app/models/user.js","statementMap":{"0":{"start":{"line":1,"column":17},"end":{"line":1,"column":36}},"1":{"start":{"line":3,"column":19},"end":{"line":26,"column":2}},"2":{"start":{"line":28,"column":0},"end":{"line":28,"column":51}}},"fnMap":{},"branchMap":{},"s":{"0":1,"1":1,"2":1},"f":{},"b":{},"_coverageSchema":"1a1c01bbd47fc00a2c39e90264f33305004495a9","hash":"907ed118dea5bf2f77abad16cfdb5435f7aa476e"}
,"/home/faith/Desktop/my-app/routes/auth.js": {"path":"/home/faith/Desktop/my-app/routes/auth.js","statementMap":{"0":{"start":{"line":1,"column":16},"end":{"line":1,"column":43}},"1":{"start":{"line":2,"column":13},"end":{"line":2,"column":38}},"2":{"start":{"line":3,"column":12},"end":{"line":3,"column":35}},"3":{"start":{"line":4,"column":15},"end":{"line":4,"column":34}},"4":{"start":{"line":5,"column":46},"end":{"line":5,"column":70}},"5":{"start":{"line":13,"column":0},"end":{"line":51,"column":3}},"6":{"start":{"line":16,"column":22},"end":{"line":16,"column":50}},"7":{"start":{"line":17,"column":2},"end":{"line":19,"column":3}},"8":{"start":{"line":18,"column":6},"end":{"line":18,"column":71}},"9":{"start":{"line":23,"column":20},"end":{"line":23,"column":62}},"10":{"start":{"line":24,"column":1},"end":{"line":26,"column":2}},"11":{"start":{"line":25,"column":5},"end":{"line":25,"column":57}},"12":{"start":{"line":32,"column":13},"end":{"line":32,"column":37}},"13":{"start":{"line":33,"column":23},"end":{"line":33,"column":64}},"14":{"start":{"line":39,"column":17},"end":{"line":43,"column":6}},"15":{"start":{"line":44,"column":4},"end":{"line":50,"column":5}},"16":{"start":{"line":45,"column":26},"end":{"line":45,"column":43}},"17":{"start":{"line":46,"column":8},"end":{"line":46,"column":46}},"18":{"start":{"line":48,"column":8},"end":{"line":48,"column":25}},"19":{"start":{"line":49,"column":8},"end":{"line":49,"column":34}},"20":{"start":{"line":57,"column":0},"end":{"line":82,"column":3}},"21":{"start":{"line":59,"column":20},"end":{"line":59,"column":45}},"22":{"start":{"line":60,"column":2},"end":{"line":62,"column":3}},"23":{"start":{"line":61,"column":6},"end":{"line":61,"column":71}},"24":{"start":{"line":66,"column":14},"end":{"line":66,"column":56}},"25":{"start":{"line":67,"column":1},"end":{"line":69,"column":2}},"26":{"start":{"line":68,"column":5},"end":{"line":68,"column":55}},"27":{"start":{"line":72,"column":22},"end":{"line":72,"column":75}},"28":{"start":{"line":73,"column":4},"end":{"line":75,"column":5}},"29":{"start":{"line":74,"column":8},"end":{"line":74,"column":56}},"30":{"start":{"line":79,"column":18},"end":{"line":79,"column":67}},"31":{"start":{"line":80,"column":4},"end":{"line":80,"column":49}},"32":{"start":{"line":84,"column":0},"end":{"line":84,"column":24}}},"fnMap":{"0":{"name":"(anonymous_0)","decl":{"start":{"line":13,"column":24},"end":{"line":13,"column":25}},"loc":{"start":{"line":13,"column":42},"end":{"line":51,"column":1}},"line":13},"1":{"name":"(anonymous_1)","decl":{"start":{"line":57,"column":21},"end":{"line":57,"column":22}},"loc":{"start":{"line":57,"column":39},"end":{"line":82,"column":1}},"line":57}},"branchMap":{"0":{"loc":{"start":{"line":17,"column":2},"end":{"line":19,"column":3}},"type":"if","locations":[{"start":{"line":17,"column":2},"end":{"line":19,"column":3}},{"start":{"line":17,"column":2},"end":{"line":19,"column":3}}],"line":17},"1":{"loc":{"start":{"line":24,"column":1},"end":{"line":26,"column":2}},"type":"if","locations":[{"start":{"line":24,"column":1},"end":{"line":26,"column":2}},{"start":{"line":24,"column":1},"end":{"line":26,"column":2}}],"line":24},"2":{"loc":{"start":{"line":60,"column":2},"end":{"line":62,"column":3}},"type":"if","locations":[{"start":{"line":60,"column":2},"end":{"line":62,"column":3}},{"start":{"line":60,"column":2},"end":{"line":62,"column":3}}],"line":60},"3":{"loc":{"start":{"line":67,"column":1},"end":{"line":69,"column":2}},"type":"if","locations":[{"start":{"line":67,"column":1},"end":{"line":69,"column":2}},{"start":{"line":67,"column":1},"end":{"line":69,"column":2}}],"line":67},"4":{"loc":{"start":{"line":73,"column":4},"end":{"line":75,"column":5}},"type":"if","locations":[{"start":{"line":73,"column":4},"end":{"line":75,"column":5}},{"start":{"line":73,"column":4},"end":{"line":75,"column":5}}],"line":73}},"s":{"0":1,"1":1,"2":1,"3":1,"4":1,"5":1,"6":1,"7":1,"8":0,"9":1,"10":1,"11":0,"12":1,"13":1,"14":1,"15":1,"16":1,"17":1,"18":0,"19":0,"20":1,"21":0,"22":0,"23":0,"24":0,"25":0,"26":0,"27":0,"28":0,"29":0,"30":0,"31":0,"32":1},"f":{"0":1,"1":0},"b":{"0":[0,1],"1":[0,1],"2":[0,0],"3":[0,0],"4":[0,0]},"_coverageSchema":"1a1c01bbd47fc00a2c39e90264f33305004495a9","hash":"54fc610ea7b96b79e7cd14ea8dd4ab1cfe207828"}
,"/home/faith/Desktop/my-app/routes/messages.js": {"path":"/home/faith/Desktop/my-app/routes/messages.js","statementMap":{"0":{"start":{"line":1,"column":16},"end":{"line":1,"column":43}},"1":{"start":{"line":2,"column":16},"end":{"line":2,"column":44}},"2":{"start":{"line":3,"column":15},"end":{"line":3,"column":52}},"3":{"start":{"line":4,"column":28},"end":{"line":4,"column":52}},"4":{"start":{"line":12,"column":0},"end":{"line":34,"column":3}},"5":{"start":{"line":15,"column":22},"end":{"line":15,"column":49}},"6":{"start":{"line":16,"column":2},"end":{"line":18,"column":3}},"7":{"start":{"line":17,"column":6},"end":{"line":17,"column":71}},"8":{"start":{"line":22,"column":20},"end":{"line":26,"column":6}},"9":{"start":{"line":27,"column":4},"end":{"line":33,"column":5}},"10":{"start":{"line":28,"column":29},"end":{"line":28,"column":49}},"11":{"start":{"line":29,"column":8},"end":{"line":29,"column":26}},"12":{"start":{"line":31,"column":8},"end":{"line":31,"column":25}},"13":{"start":{"line":32,"column":8},"end":{"line":32,"column":34}},"14":{"start":{"line":37,"column":0},"end":{"line":47,"column":3}},"15":{"start":{"line":40,"column":4},"end":{"line":46,"column":5}},"16":{"start":{"line":41,"column":29},"end":{"line":41,"column":49}},"17":{"start":{"line":42,"column":8},"end":{"line":42,"column":43}},"18":{"start":{"line":44,"column":8},"end":{"line":44,"column":25}},"19":{"start":{"line":45,"column":8},"end":{"line":45,"column":34}},"20":{"start":{"line":51,"column":0},"end":{"line":62,"column":3}},"21":{"start":{"line":54,"column":4},"end":{"line":61,"column":5}},"22":{"start":{"line":55,"column":31},"end":{"line":55,"column":84}},"23":{"start":{"line":56,"column":8},"end":{"line":56,"column":85}},"24":{"start":{"line":56,"column":28},"end":{"line":56,"column":85}},"25":{"start":{"line":57,"column":8},"end":{"line":57,"column":58}},"26":{"start":{"line":59,"column":8},"end":{"line":59,"column":25}},"27":{"start":{"line":60,"column":8},"end":{"line":60,"column":34}},"28":{"start":{"line":67,"column":0},"end":{"line":82,"column":3}},"29":{"start":{"line":70,"column":4},"end":{"line":81,"column":5}},"30":{"start":{"line":71,"column":31},"end":{"line":75,"column":21}},"31":{"start":{"line":76,"column":8},"end":{"line":76,"column":86}},"32":{"start":{"line":76,"column":28},"end":{"line":76,"column":86}},"33":{"start":{"line":77,"column":8},"end":{"line":77,"column":74}},"34":{"start":{"line":79,"column":8},"end":{"line":79,"column":25}},"35":{"start":{"line":80,"column":8},"end":{"line":80,"column":34}},"36":{"start":{"line":87,"column":0},"end":{"line":87,"column":24}}},"fnMap":{"0":{"name":"(anonymous_0)","decl":{"start":{"line":12,"column":25},"end":{"line":12,"column":26}},"loc":{"start":{"line":12,"column":43},"end":{"line":34,"column":1}},"line":12},"1":{"name":"(anonymous_1)","decl":{"start":{"line":37,"column":16},"end":{"line":37,"column":17}},"loc":{"start":{"line":37,"column":34},"end":{"line":47,"column":1}},"line":37},"2":{"name":"(anonymous_2)","decl":{"start":{"line":51,"column":31},"end":{"line":51,"column":32}},"loc":{"start":{"line":51,"column":49},"end":{"line":62,"column":1}},"line":51},"3":{"name":"(anonymous_3)","decl":{"start":{"line":67,"column":28},"end":{"line":67,"column":29}},"loc":{"start":{"line":67,"column":46},"end":{"line":82,"column":1}},"line":67}},"branchMap":{"0":{"loc":{"start":{"line":16,"column":2},"end":{"line":18,"column":3}},"type":"if","locations":[{"start":{"line":16,"column":2},"end":{"line":18,"column":3}},{"start":{"line":16,"column":2},"end":{"line":18,"column":3}}],"line":16},"1":{"loc":{"start":{"line":56,"column":8},"end":{"line":56,"column":85}},"type":"if","locations":[{"start":{"line":56,"column":8},"end":{"line":56,"column":85}},{"start":{"line":56,"column":8},"end":{"line":56,"column":85}}],"line":56},"2":{"loc":{"start":{"line":76,"column":8},"end":{"line":76,"column":86}},"type":"if","locations":[{"start":{"line":76,"column":8},"end":{"line":76,"column":86}},{"start":{"line":76,"column":8},"end":{"line":76,"column":86}}],"line":76}},"s":{"0":1,"1":1,"2":1,"3":1,"4":1,"5":0,"6":0,"7":0,"8":0,"9":0,"10":0,"11":0,"12":0,"13":0,"14":1,"15":0,"16":0,"17":0,"18":0,"19":0,"20":1,"21":0,"22":0,"23":0,"24":0,"25":0,"26":0,"27":0,"28":1,"29":0,"30":0,"31":0,"32":0,"33":0,"34":0,"35":0,"36":1},"f":{"0":0,"1":0,"2":0,"3":0},"b":{"0":[0,0],"1":[0,0],"2":[0,0]},"_coverageSchema":"1a1c01bbd47fc00a2c39e90264f33305004495a9","hash":"a4437a52a4ccaaa1435606c7377f870b18f275fa"}
,"/home/faith/Desktop/my-app/routes/posts.js": {"path":"/home/faith/Desktop/my-app/routes/posts.js","statementMap":{"0":{"start":{"line":1,"column":16},"end":{"line":1,"column":43}},"1":{"start":{"line":2,"column":13},"end":{"line":2,"column":38}},"2":{"start":{"line":3,"column":15},"end":{"line":3,"column":52}},"3":{"start":{"line":4,"column":25},"end":{"line":4,"column":49}},"4":{"start":{"line":12,"column":0},"end":{"line":34,"column":3}},"5":{"start":{"line":15,"column":22},"end":{"line":15,"column":46}},"6":{"start":{"line":16,"column":2},"end":{"line":18,"column":3}},"7":{"start":{"line":17,"column":6},"end":{"line":17,"column":71}},"8":{"start":{"line":22,"column":17},"end":{"line":26,"column":6}},"9":{"start":{"line":27,"column":4},"end":{"line":33,"column":5}},"10":{"start":{"line":28,"column":26},"end":{"line":28,"column":43}},"11":{"start":{"line":29,"column":8},"end":{"line":29,"column":23}},"12":{"start":{"line":31,"column":8},"end":{"line":31,"column":25}},"13":{"start":{"line":32,"column":8},"end":{"line":32,"column":34}},"14":{"start":{"line":37,"column":0},"end":{"line":47,"column":3}},"15":{"start":{"line":40,"column":4},"end":{"line":46,"column":5}},"16":{"start":{"line":41,"column":26},"end":{"line":41,"column":43}},"17":{"start":{"line":42,"column":8},"end":{"line":42,"column":40}},"18":{"start":{"line":44,"column":8},"end":{"line":44,"column":25}},"19":{"start":{"line":45,"column":8},"end":{"line":45,"column":34}},"20":{"start":{"line":51,"column":0},"end":{"line":62,"column":3}},"21":{"start":{"line":54,"column":4},"end":{"line":61,"column":5}},"22":{"start":{"line":55,"column":28},"end":{"line":55,"column":78}},"23":{"start":{"line":56,"column":8},"end":{"line":56,"column":80}},"24":{"start":{"line":56,"column":25},"end":{"line":56,"column":80}},"25":{"start":{"line":57,"column":8},"end":{"line":57,"column":55}},"26":{"start":{"line":59,"column":8},"end":{"line":59,"column":25}},"27":{"start":{"line":60,"column":8},"end":{"line":60,"column":34}},"28":{"start":{"line":67,"column":0},"end":{"line":81,"column":3}},"29":{"start":{"line":70,"column":4},"end":{"line":80,"column":5}},"30":{"start":{"line":71,"column":28},"end":{"line":74,"column":21}},"31":{"start":{"line":75,"column":8},"end":{"line":75,"column":80}},"32":{"start":{"line":75,"column":25},"end":{"line":75,"column":80}},"33":{"start":{"line":76,"column":8},"end":{"line":76,"column":68}},"34":{"start":{"line":78,"column":8},"end":{"line":78,"column":25}},"35":{"start":{"line":79,"column":8},"end":{"line":79,"column":34}},"36":{"start":{"line":86,"column":0},"end":{"line":86,"column":24}}},"fnMap":{"0":{"name":"(anonymous_0)","decl":{"start":{"line":12,"column":25},"end":{"line":12,"column":26}},"loc":{"start":{"line":12,"column":43},"end":{"line":34,"column":1}},"line":12},"1":{"name":"(anonymous_1)","decl":{"start":{"line":37,"column":16},"end":{"line":37,"column":17}},"loc":{"start":{"line":37,"column":34},"end":{"line":47,"column":1}},"line":37},"2":{"name":"(anonymous_2)","decl":{"start":{"line":51,"column":31},"end":{"line":51,"column":32}},"loc":{"start":{"line":51,"column":49},"end":{"line":62,"column":1}},"line":51},"3":{"name":"(anonymous_3)","decl":{"start":{"line":67,"column":28},"end":{"line":67,"column":29}},"loc":{"start":{"line":67,"column":46},"end":{"line":81,"column":1}},"line":67}},"branchMap":{"0":{"loc":{"start":{"line":16,"column":2},"end":{"line":18,"column":3}},"type":"if","locations":[{"start":{"line":16,"column":2},"end":{"line":18,"column":3}},{"start":{"line":16,"column":2},"end":{"line":18,"column":3}}],"line":16},"1":{"loc":{"start":{"line":56,"column":8},"end":{"line":56,"column":80}},"type":"if","locations":[{"start":{"line":56,"column":8},"end":{"line":56,"column":80}},{"start":{"line":56,"column":8},"end":{"line":56,"column":80}}],"line":56},"2":{"loc":{"start":{"line":75,"column":8},"end":{"line":75,"column":80}},"type":"if","locations":[{"start":{"line":75,"column":8},"end":{"line":75,"column":80}},{"start":{"line":75,"column":8},"end":{"line":75,"column":80}}],"line":75}},"s":{"0":1,"1":1,"2":1,"3":1,"4":1,"5":0,"6":0,"7":0,"8":0,"9":0,"10":0,"11":0,"12":0,"13":0,"14":1,"15":0,"16":0,"17":0,"18":0,"19":0,"20":1,"21":0,"22":0,"23":0,"24":0,"25":0,"26":0,"27":0,"28":1,"29":0,"30":0,"31":0,"32":0,"33":0,"34":0,"35":0,"36":1},"f":{"0":0,"1":0,"2":0,"3":0},"b":{"0":[0,0],"1":[0,0],"2":[0,0]},"_coverageSchema":"1a1c01bbd47fc00a2c39e90264f33305004495a9","hash":"ed7ba7d931ce2dfdc828cf898601a90e6e90237b"}
}
