TN:
SF:index.js
FN:17,(anonymous_0)
FN:32,(anonymous_1)
FNF:2
FNH:2
FNDA:1,(anonymous_0)
FNDA:1,(anonymous_1)
DA:1,1
DA:2,1
DA:3,1
DA:4,1
DA:8,1
DA:9,1
DA:10,1
DA:12,1
DA:17,1
DA:20,1
DA:21,1
DA:25,1
DA:26,1
DA:27,1
DA:31,1
DA:32,1
DA:33,1
LF:17
LH:17
BRDA:31,0,0,1
BRDA:31,0,1,1
BRF:2
BRH:2
end_of_record
TN:
SF:validation.js
FN:5,(anonymous_0)
FN:22,(anonymous_1)
FN:36,(anonymous_2)
FN:54,(anonymous_3)
FNF:4
FNH:1
FNDA:1,(anonymous_0)
FNDA:0,(anonymous_1)
FNDA:0,(anonymous_2)
FNDA:0,(anonymous_3)
DA:2,1
DA:5,1
DA:6,1
DA:18,1
DA:22,1
DA:23,0
DA:32,0
DA:36,1
DA:37,0
DA:49,0
DA:54,1
DA:55,0
DA:67,0
DA:76,1
DA:77,1
DA:78,1
DA:79,1
LF:17
LH:11
BRF:0
BRH:0
end_of_record
TN:
SF:middlewares/verifyToken.js
FN:3,auth
FNF:1
FNH:0
FNDA:0,auth
DA:1,1
DA:4,0
DA:5,0
DA:7,0
DA:8,0
DA:9,0
DA:10,0
DA:12,0
DA:18,1
LF:9
LH:2
BRDA:5,0,0,0
BRDA:5,0,1,0
BRF:2
BRH:0
end_of_record
TN:
SF:models/message.js
FNF:0
FNH:0
DA:1,1
DA:3,1
DA:29,1
LF:3
LH:3
BRF:0
BRH:0
end_of_record
TN:
SF:models/post.js
FNF:0
FNH:0
DA:1,1
DA:3,1
DA:29,1
LF:3
LH:3
BRF:0
BRH:0
end_of_record
TN:
SF:models/user.js
FNF:0
FNH:0
DA:1,1
DA:3,1
DA:28,1
LF:3
LH:3
BRF:0
BRH:0
end_of_record
TN:
SF:routes/auth.js
FN:13,(anonymous_0)
FN:57,(anonymous_1)
FNF:2
FNH:1
FNDA:1,(anonymous_0)
FNDA:0,(anonymous_1)
DA:1,1
DA:2,1
DA:3,1
DA:4,1
DA:5,1
DA:13,1
DA:16,1
DA:17,1
DA:18,0
DA:23,1
DA:24,1
DA:25,0
DA:32,1
DA:33,1
DA:39,1
DA:44,1
DA:45,1
DA:46,1
DA:48,0
DA:49,0
DA:57,1
DA:59,0
DA:60,0
DA:61,0
DA:66,0
DA:67,0
DA:68,0
DA:72,0
DA:73,0
DA:74,0
DA:79,0
DA:80,0
DA:84,1
LF:33
LH:18
BRDA:17,0,0,0
BRDA:17,0,1,1
BRDA:24,1,0,0
BRDA:24,1,1,1
BRDA:60,2,0,0
BRDA:60,2,1,0
BRDA:67,3,0,0
BRDA:67,3,1,0
BRDA:73,4,0,0
BRDA:73,4,1,0
BRF:10
BRH:2
end_of_record
TN:
SF:routes/messages.js
FN:12,(anonymous_0)
FN:37,(anonymous_1)
FN:51,(anonymous_2)
FN:67,(anonymous_3)
FNF:4
FNH:0
FNDA:0,(anonymous_0)
FNDA:0,(anonymous_1)
FNDA:0,(anonymous_2)
FNDA:0,(anonymous_3)
DA:1,1
DA:2,1
DA:3,1
DA:4,1
DA:12,1
DA:15,0
DA:16,0
DA:17,0
DA:22,0
DA:27,0
DA:28,0
DA:29,0
DA:31,0
DA:32,0
DA:37,1
DA:40,0
DA:41,0
DA:42,0
DA:44,0
DA:45,0
DA:51,1
DA:54,0
DA:55,0
DA:56,0
DA:57,0
DA:59,0
DA:60,0
DA:67,1
DA:70,0
DA:71,0
DA:76,0
DA:77,0
DA:79,0
DA:80,0
DA:87,1
LF:35
LH:9
BRDA:16,0,0,0
BRDA:16,0,1,0
BRDA:56,1,0,0
BRDA:56,1,1,0
BRDA:76,2,0,0
BRDA:76,2,1,0
BRF:6
BRH:0
end_of_record
TN:
SF:routes/posts.js
FN:12,(anonymous_0)
FN:37,(anonymous_1)
FN:51,(anonymous_2)
FN:67,(anonymous_3)
FNF:4
FNH:0
FNDA:0,(anonymous_0)
FNDA:0,(anonymous_1)
FNDA:0,(anonymous_2)
FNDA:0,(anonymous_3)
DA:1,1
DA:2,1
DA:3,1
DA:4,1
DA:12,1
DA:15,0
DA:16,0
DA:17,0
DA:22,0
DA:27,0
DA:28,0
DA:29,0
DA:31,0
DA:32,0
DA:37,1
DA:40,0
DA:41,0
DA:42,0
DA:44,0
DA:45,0
DA:51,1
DA:54,0
DA:55,0
DA:56,0
DA:57,0
DA:59,0
DA:60,0
DA:67,1
DA:70,0
DA:71,0
DA:75,0
DA:76,0
DA:78,0
DA:79,0
DA:86,1
LF:35
LH:9
BRDA:16,0,0,0
BRDA:16,0,1,0
BRDA:56,1,0,0
BRDA:56,1,1,0
BRDA:75,2,0,0
BRDA:75,2,1,0
BRF:6
BRH:0
end_of_record
